#
# There is insufficient memory for the Java Runtime Environment to continue.
# Native memory allocation (mmap) failed to map 266338304 bytes. Error detail: G1 virtual space
# Possible reasons:
#   The system is out of physical RAM or swap space
#   This process is running with CompressedOops enabled, and the Java Heap may be blocking the growth of the native heap
# Possible solutions:
#   Reduce memory load on the system
#   Increase physical memory or swap space
#   Check if swap backing store is full
#   Decrease Java heap size (-Xmx/-Xms)
#   Decrease number of Java threads
#   Decrease Java thread stack sizes (-Xss)
#   Set larger code cache with -XX:ReservedCodeCacheSize=
#   JVM is running with Zero Based Compressed Oops mode in which the Java heap is
#     placed in the first 32GB address space. The Java Heap base address is the
#     maximum limit for the native heap growth. Please use -XX:HeapBaseMinAddress
#     to set the Java Heap base and to place the Java Heap above 32GB virtual address.
# This output file may be truncated or incomplete.
#
#  Out of Memory Error (os_windows.cpp:3825), pid=2260, tid=1448
#
# JRE version:  (17.0.11) (build )
# Java VM: OpenJDK 64-Bit Server VM (17.0.11+0--11852314, mixed mode, sharing, tiered, compressed oops, compressed class ptrs, g1 gc, windows-amd64)
# No core dump will be written. Minidumps are not enabled by default on client versions of Windows
#

---------------  S U M M A R Y ------------

Command Line: org.jetbrains.kotlin.cli.jvm.K2JVMCompiler @C:\Users\Acer\AndroidStudioProjects\Submission\LearnIT3\LearnIT\app\build\20241202_10622205563943735032.compiler.options

Host: 11th Gen Intel(R) Core(TM) i3-1115G4 @ 3.00GHz, 4 cores, 15G,  Windows 11 , 64 bit Build 22000 (10.0.22000.2538)
Time: Mon Dec  2 23:42:56 2024 Central Standard Time elapsed time: 0.325669 seconds (0d 0h 0m 0s)

---------------  T H R E A D  ---------------

Current thread (0x000001593908aba0):  JavaThread "Unknown thread" [_thread_in_vm, id=1448, stack(0x0000003101a00000,0x0000003101b00000)]

Stack: [0x0000003101a00000,0x0000003101b00000]
Native frames: (J=compiled Java code, j=interpreted, Vv=VM code, C=native code)
V  [jvm.dll+0x687bb9]
V  [jvm.dll+0x84142a]
V  [jvm.dll+0x8430ae]
V  [jvm.dll+0x843713]
V  [jvm.dll+0x24a35f]
V  [jvm.dll+0x684989]
V  [jvm.dll+0x67923a]
V  [jvm.dll+0x30af0b]
V  [jvm.dll+0x3123b6]
V  [jvm.dll+0x361dfe]
V  [jvm.dll+0x36202f]
V  [jvm.dll+0x2e0d38]
V  [jvm.dll+0x2e1ca4]
V  [jvm.dll+0x811f21]
V  [jvm.dll+0x36fb68]
V  [jvm.dll+0x7f0896]
V  [jvm.dll+0x3f3d2f]
V  [jvm.dll+0x3f58e1]
C  [jli.dll+0x528f]
C  [ucrtbase.dll+0x26c0c]
C  [KERNEL32.DLL+0x153e0]
C  [ntdll.dll+0x485b]


---------------  P R O C E S S  ---------------

Threads class SMR info:
_java_thread_list=0x00007ffe1ba0efd8, length=0, elements={
}

Java Threads: ( => current thread )

Other Threads:
  0x00000159390f74b0 GCTaskThread "GC Thread#0" [stack: 0x0000003101c00000,0x0000003101d00000] [id=18428]
  0x0000015939108090 ConcurrentGCThread "G1 Main Marker" [stack: 0x0000003101d00000,0x0000003101e00000] [id=6932]
  0x0000015939108ab0 ConcurrentGCThread "G1 Conc#0" [stack: 0x0000003101e00000,0x0000003101f00000] [id=5308]

[error occurred during error reporting (printing all threads), id 0xc0000005, EXCEPTION_ACCESS_VIOLATION (0xc0000005) at pc=0x00007ffe1b1c1907]

VM state: not at safepoint (not fully initialized)

VM Mutex/Monitor currently owned by a thread:  ([mutex/lock_event])
[0x0000015939085d60] Heap_lock - owner thread: 0x000001593908aba0

Heap address: 0x0000000703600000, size: 4042 MB, Compressed Oops mode: Zero based, Oop shift amount: 3

CDS archive(s) mapped at: [0x0000000000000000-0x0000000000000000-0x0000000000000000), size 0, SharedBaseAddress: 0x0000000800000000, ArchiveRelocationMode: 1.
Narrow klass base: 0x0000000000000000, Narrow klass shift: 0, Narrow klass range: 0x0

GC Precious Log:
<Empty>

Heap:
 garbage-first heap   total 0K, used 0K [0x0000000703600000, 0x0000000800000000)
  region size 2048K, 0 young (0K), 0 survivors (0K)
 Metaspace       used 0K, committed 0K, reserved 0K
  class space    used 0K, committed 0K, reserved 0K

Heap Regions: E=young(eden), S=young(survivor), O=old, HS=humongous(starts), HC=humongous(continues), CS=collection set, F=free, OA=open archive, CA=closed archive, TAMS=top-at-mark-start (previous, next)

Card table byte_map: [0x000001594bd60000,0x000001594c550000] _byte_map_base: 0x0000015948545000

Marking Bits (Prev, Next): (CMBitMap*) 0x00000159390f7ad0, (CMBitMap*) 0x00000159390f7b10
 Prev Bits: [0x000001594cd40000, 0x0000015950c68000)
 Next Bits: [0x0000015950c70000, 0x0000015954b98000)

GC Heap History (0 events):
No events

Dll operation events (1 events):
Event: 0.021 Loaded shared library C:\Program Files\Android\Android Studio\jbr\bin\java.dll

Deoptimization events (0 events):
No events

Classes unloaded (0 events):
No events

Classes redefined (0 events):
No events

Internal exceptions (0 events):
No events

VM Operations (0 events):
No events

Events (0 events):
No events


Dynamic libraries:
0x00007ff60f390000 - 0x00007ff60f39a000 	C:\Program Files\Android\Android Studio\jbr\bin\java.exe
0x00007ffe6bb20000 - 0x00007ffe6bd29000 	C:\Windows\SYSTEM32\ntdll.dll
0x00007ffe6a720000 - 0x00007ffe6a7dd000 	C:\Windows\System32\KERNEL32.DLL
0x00007ffe68fb0000 - 0x00007ffe69334000 	C:\Windows\System32\KERNELBASE.dll
0x00007ffe69520000 - 0x00007ffe69631000 	C:\Windows\System32\ucrtbase.dll
0x00007ffe50b30000 - 0x00007ffe50b47000 	C:\Program Files\Android\Android Studio\jbr\bin\jli.dll
0x00007ffe6b440000 - 0x00007ffe6b5ed000 	C:\Windows\System32\USER32.dll
0x00007ffe694f0000 - 0x00007ffe69516000 	C:\Windows\System32\win32u.dll
0x00007ffe69e00000 - 0x00007ffe69e2a000 	C:\Windows\System32\GDI32.dll
0x00007ffe69850000 - 0x00007ffe6996e000 	C:\Windows\System32\gdi32full.dll
0x00007ffe69640000 - 0x00007ffe696dd000 	C:\Windows\System32\msvcp_win.dll
0x00007ffe334e0000 - 0x00007ffe334fb000 	C:\Program Files\Android\Android Studio\jbr\bin\VCRUNTIME140.dll
0x00007ffe49480000 - 0x00007ffe49725000 	C:\Windows\WinSxS\amd64_microsoft.windows.common-controls_6595b64144ccf1df_6.0.22000.120_none_9d947278b86cc467\COMCTL32.dll
0x00007ffe6a8d0000 - 0x00007ffe6a973000 	C:\Windows\System32\msvcrt.dll
0x00007ffe6b3f0000 - 0x00007ffe6b421000 	C:\Windows\System32\IMM32.DLL
0x00007ffe51750000 - 0x00007ffe5175c000 	C:\Program Files\Android\Android Studio\jbr\bin\vcruntime140_1.dll
0x00007ffe23f10000 - 0x00007ffe23f9d000 	C:\Program Files\Android\Android Studio\jbr\bin\msvcp140.dll
0x00007ffe1aed0000 - 0x00007ffe1bb53000 	C:\Program Files\Android\Android Studio\jbr\bin\server\jvm.dll
0x00007ffe6b5f0000 - 0x00007ffe6b69e000 	C:\Windows\System32\ADVAPI32.dll
0x00007ffe6a980000 - 0x00007ffe6aa1e000 	C:\Windows\System32\sechost.dll
0x00007ffe6a460000 - 0x00007ffe6a581000 	C:\Windows\System32\RPCRT4.dll
0x00007ffe67e60000 - 0x00007ffe67ead000 	C:\Windows\SYSTEM32\POWRPROF.dll
0x00007ffe3ea20000 - 0x00007ffe3ea29000 	C:\Windows\SYSTEM32\WSOCK32.dll
0x00007ffe6a7f0000 - 0x00007ffe6a85f000 	C:\Windows\System32\WS2_32.dll
0x00007ffe59b20000 - 0x00007ffe59b53000 	C:\Windows\SYSTEM32\WINMM.dll
0x00007ffe5ce00000 - 0x00007ffe5ce0a000 	C:\Windows\SYSTEM32\VERSION.dll
0x00007ffe67e40000 - 0x00007ffe67e53000 	C:\Windows\SYSTEM32\UMPDC.dll
0x00007ffe680e0000 - 0x00007ffe680f8000 	C:\Windows\SYSTEM32\kernel.appcore.dll
0x00007ffe59d40000 - 0x00007ffe59d4a000 	C:\Program Files\Android\Android Studio\jbr\bin\jimage.dll
0x00007ffe668c0000 - 0x00007ffe66ae1000 	C:\Windows\SYSTEM32\DBGHELP.DLL
0x00007ffe5aad0000 - 0x00007ffe5ab01000 	C:\Windows\SYSTEM32\dbgcore.DLL
0x00007ffe69340000 - 0x00007ffe693bf000 	C:\Windows\System32\bcryptPrimitives.dll
0x00007ffe50bb0000 - 0x00007ffe50bd5000 	C:\Program Files\Android\Android Studio\jbr\bin\java.dll

dbghelp: loaded successfully - version: 4.0.5 - missing functions: none
symbol engine: initialized successfully - sym options: 0x614 - pdb path: .;C:\Program Files\Android\Android Studio\jbr\bin;C:\Windows\SYSTEM32;C:\Windows\WinSxS\amd64_microsoft.windows.common-controls_6595b64144ccf1df_6.0.22000.120_none_9d947278b86cc467;C:\Program Files\Android\Android Studio\jbr\bin\server

VM Arguments:
java_command: org.jetbrains.kotlin.cli.jvm.K2JVMCompiler @C:\Users\Acer\AndroidStudioProjects\Submission\LearnIT3\LearnIT\app\build\20241202_10622205563943735032.compiler.options
java_class_path (initial): C:\Users\Acer\.gradle\caches\modules-2\files-2.1\org.jetbrains.kotlin\kotlin-compiler-embeddable\1.9.10\57ca1b0823ae3ecb451a97e1f8e6de0b19ea5294\kotlin-compiler-embeddable-1.9.10.jar;C:\Users\Acer\.gradle\caches\modules-2\files-2.1\org.jetbrains.kotlin\kotlin-stdlib\1.9.10\72812e8a368917ab5c0a5081b56915ffdfec93b7\kotlin-stdlib-1.9.10.jar;C:\Users\Acer\.gradle\caches\modules-2\files-2.1\org.jetbrains.kotlin\kotlin-script-runtime\1.9.10\398513a8534701579cccaf5953ea914416b4696c\kotlin-script-runtime-1.9.10.jar;C:\Users\Acer\.gradle\caches\modules-2\files-2.1\org.jetbrains.kotlin\kotlin-reflect\1.6.10\1cbe9c92c12a94eea200d23c2bbaedaf3daf5132\kotlin-reflect-1.6.10.jar;C:\Users\Acer\.gradle\caches\modules-2\files-2.1\org.jetbrains.kotlin\kotlin-daemon-embeddable\1.9.10\bda2f7daa6b89d2ded2d9e1e0b0cadaf9446ade1\kotlin-daemon-embeddable-1.9.10.jar;C:\Users\Acer\.gradle\caches\modules-2\files-2.1\org.jetbrains.intellij.deps\trove4j\1.0.20200330\3afb14d5f9ceb459d724e907a21145e8ff394f02\trove4j-1.0.20200330.jar;C:\Users\Acer\.gradle\caches\modules-2\files-2.1\org.jetbrains.kotlin\kotlin-stdlib-common\1.9.10\dafaf2c27f27c09220cee312df10917d9a5d97ce\kotlin-stdlib-common-1.9.10.jar;C:\Users\Acer\.gradle\caches\modules-2\files-2.1\org.jetbrains\annotations\13.0\919f0dfe192fb4e063e7dacadee7f8bb9a2672a9\annotations-13.0.jar
Launcher Type: SUN_STANDARD

[Global flags]
     intx CICompilerCount                          = 3                                         {product} {ergonomic}
     uint ConcGCThreads                            = 1                                         {product} {ergonomic}
     uint G1ConcRefinementThreads                  = 4                                         {product} {ergonomic}
   size_t G1HeapRegionSize                         = 2097152                                   {product} {ergonomic}
    uintx GCDrainStackTargetSize                   = 64                                        {product} {ergonomic}
   size_t InitialHeapSize                          = 266338304                                 {product} {ergonomic}
   size_t MarkStackSize                            = 4194304                                   {product} {ergonomic}
   size_t MaxHeapSize                              = 4238344192                                {product} {ergonomic}
   size_t MinHeapDeltaBytes                        = 2097152                                   {product} {ergonomic}
   size_t MinHeapSize                              = 8388608                                   {product} {ergonomic}
    uintx NonNMethodCodeHeapSize                   = 5832780                                {pd product} {ergonomic}
    uintx NonProfiledCodeHeapSize                  = 122912730                              {pd product} {ergonomic}
    uintx ProfiledCodeHeapSize                     = 122912730                              {pd product} {ergonomic}
    uintx ReservedCodeCacheSize                    = 251658240                              {pd product} {ergonomic}
     bool SegmentedCodeCache                       = true                                      {product} {ergonomic}
   size_t SoftMaxHeapSize                          = 4238344192                             {manageable} {ergonomic}
     bool UseCompressedClassPointers               = true                           {product lp64_product} {ergonomic}
     bool UseCompressedOops                        = true                           {product lp64_product} {ergonomic}
     bool UseG1GC                                  = true                                      {product} {ergonomic}
     bool UseLargePagesIndividualAllocation        = false                                  {pd product} {ergonomic}

Logging:
Log output configuration:
 #0: stdout all=warning uptime,level,tags
 #1: stderr all=off uptime,level,tags

Environment Variables:
PATH=C:\Windows\system32;C:\Windows;C:\Windows\System32\Wbem;C:\Windows\System32\WindowsPowerShell\v1.0\;C:\Windows\System32\OpenSSH\;C:\Program Files\dotnet\;C:\ProgramData\chocolatey\bin;C:\Program Files\Microsoft SQL Server\Client SDK\ODBC\170\Tools\Binn\;C:\Program Files (x86)\Microsoft SQL Server\160\Tools\Binn\;C:\Program Files\Microsoft SQL Server\160\Tools\Binn\;C:\Program Files\Microsoft SQL Server\160\DTS\Binn\;C:\Program Files (x86)\Microsoft SQL Server\160\DTS\Binn\;C:\Program Files\MySQL\MySQL Server 8.0\bin;C:\Program Files\MongoDB\Server\7.0\bin;C:\Program Files\Microsoft SQL Server\150\Tools\Binn\;C:\Program Files (x86)\Windows Kits\10\Windows Performance Toolkit\;C:\Users\Acer\AppData\Local\Programs\Python\Python39\;C:\Program Files\nodejs\;C:\Program Files\Git\cmd;C:\Program Files\Amazon\AWSCLIV2\;C:\Program Files\PowerShell\7\;C:\Users\Acer\AppData\Local\Programs\Python\Python312\Scripts\;C:\Users\Acer\AppData\Local\Programs\Python\Python312\;C:\Program Files\MySQL\MySQL Shell 8.0\bin\;C:\Program Files\jdk-11.0.1\bin;C:\Program Files\JetBrains\IntelliJ IDEA Community Edition 2022.3.1\bin;C:\Users\Acer\.dotnet\tools;C:\Users\Acer\AppData\Local\Programs\Microsoft VS Code\bin;C:\Program Files\Azure Data Studio\bin;C:\Users\Acer\.dotnet\tools;C:\Program Files\mongosh\;C:\Program Files\Python312\;C:\Program Files\Python312\Scripts;C:\Users\Acer\AppData\Local\GitHubDesktop\bin;C:\Users\Acer\.dotnet\tools;C:\Users\Acer\AppData\Local\Programs\Python\Python39\;C:\Users\Acer\AppData\Local\Programs\Python\Python39\Scripts\;C:\Users\Acer\AppData\Local\Microsoft\WindowsApps;C:\Users\Acer\AppData\Roaming\npm
USERNAME=Acer
OS=Windows_NT
PROCESSOR_IDENTIFIER=Intel64 Family 6 Model 140 Stepping 1, GenuineIntel
TMP=C:\Users\Acer\AppData\Local\Temp
TEMP=C:\Users\Acer\AppData\Local\Temp



Periodic native trim disabled

JNI global refs:
JNI global refs: 0, weak refs: 0

JNI global refs memory usage: 0, weak refs: 0

Process memory usage:
Resident Set Size: 11548K (0% of 16551224K total physical memory with 692304K free physical memory)

OOME stack traces (most recent first):
Classloader memory used:


---------------  S Y S T E M  ---------------

OS:
 Windows 11 , 64 bit Build 22000 (10.0.22000.2538)
OS uptime: 3 days 10:33 hours
Hyper-V role detected

CPU: total 4 (initial active 4) (2 cores per cpu, 2 threads per core) family 6 model 140 stepping 1 microcode 0x8a, cx8, cmov, fxsr, ht, mmx, 3dnowpref, sse, sse2, sse3, ssse3, sse4.1, sse4.2, popcnt, lzcnt, tsc, tscinvbit, avx, avx2, aes, erms, clmul, bmi1, bmi2, adx, avx512f, avx512dq, avx512cd, avx512bw, avx512vl, sha, fma, vzeroupper, avx512_vpopcntdq, avx512_vpclmulqdq, avx512_vaes, avx512_vnni, clflush, clflushopt, clwb, avx512_vbmi2, avx512_vbmi, hv
Processor Information for all 4 processors :
  Max Mhz: 2995, Current Mhz: 2995, Mhz Limit: 2995

Memory: 4k page, system-wide physical 16163M (676M free)
TotalPageFile size 20259M (AvailPageFile size 90M)
current process WorkingSet (physical memory assigned to process): 11M, peak: 11M
current process commit charge ("private bytes"): 52M, peak: 305M

vm_info: OpenJDK 64-Bit Server VM (17.0.11+0--11852314) for windows-amd64 JRE (17.0.11+0--11852314), built on May 16 2024 21:29:20 by "androidbuild" with MS VC++ 16.10 / 16.11 (VS2019)

END.
